2025-05-14 20:13:27,141 root INFO Preprocess_data. Use files to train: ['./data/raw\\1.csv', './data/raw\\2.csv']
2025-05-14 20:13:27,168 root INFO Preprocess_data. train_df: 81 samples
2025-05-14 20:13:27,174 root INFO 
           total_meters     price
url_id                           
286050252          42.5   7150000
294458255          48.2   6050000
294926973          36.9   8800000
297997441          59.0  55000000
302380406          57.3  22750000
2025-05-14 20:13:27,174 root INFO Preprocess_data. test_df: 21 samples
2025-05-14 20:13:27,176 root INFO 
           total_meters     price
url_id                           
316906010          67.9  36600000
316945664          36.2  11200000
316977559          46.0  11999999
316989525          35.1  15950000
317005988          43.0  33300000
2025-05-14 20:13:27,197 root INFO Train model. Total meters coef: 1174718.41
2025-05-14 20:13:27,197 root INFO Train model. Bias: -30782831.43
2025-05-14 20:13:27,224 root INFO Test model. MSE: 183613872833826.59
2025-05-14 20:13:27,224 root INFO Test model. RMSE: 13550419.66
2025-05-14 20:13:27,224 root INFO Test model. MAE: 10627358.51
2025-05-14 20:13:27,224 root INFO Test model. R2 train: 0.65
2025-05-14 20:13:27,224 root INFO Test model. R2 test: -1.63
2025-05-14 20:20:41,740 root INFO Preprocess_data. Use files to train: ['./data/raw\\1.csv', './data/raw\\2.csv']
2025-05-14 20:20:41,748 root INFO Preprocess_data. train_df: 81 samples
2025-05-14 20:20:41,752 root INFO 
           total_meters     price
url_id                           
286050252          42.5   7150000
294458255          48.2   6050000
294926973          36.9   8800000
297997441          59.0  55000000
302380406          57.3  22750000
2025-05-14 20:20:41,752 root INFO Preprocess_data. test_df: 21 samples
2025-05-14 20:20:41,754 root INFO 
           total_meters     price
url_id                           
316906010          67.9  36600000
316945664          36.2  11200000
316977559          46.0  11999999
316989525          35.1  15950000
317005988          43.0  33300000
2025-05-14 20:20:41,761 root INFO Train model. Total meters coef: 1174718.41
2025-05-14 20:20:41,762 root INFO Train model. Bias: -30782831.43
2025-05-14 20:20:41,769 root INFO Test model. MSE: 183613872833826.59
2025-05-14 20:20:41,769 root INFO Test model. RMSE: 13550419.66
2025-05-14 20:20:41,769 root INFO Test model. MAE: 10627358.51
2025-05-14 20:20:41,769 root INFO Test model. R2 train: 0.65
2025-05-14 20:20:41,769 root INFO Test model. R2 test: -1.63
